95
1.300000
4.173000
4.371000
233.354000
59.996000
641.297000
238.205000
2.775000
194.636000
263.920000
36.695000
4.138000
5.218000
63.489000
9.047000
34.776000
2.756000
179.789000
0.250000
5.654000
302.045000
0.537000
6.593000
5.080000
3.145000
22.954000
18.444000
447.769000
1.380000
8.471000
4.098000
1.438000
0.656000
345.997000
21.136000
4.579000
15.959000
4.595000
29.578000
2.122000
72.672000
33.867000
19.947000
2.680000
6.344000
249.215000
12.379000
3.634000
33.000000
6.779000
1.545000
1.323000
0.804000
1.705000
3.956000
1.473000
10.110000
5.163000
3.792000
7.030000
14.269000
5.596000
1.173000
21.611000
0.127000
6.086000
8.982000
12.255000
11.339000
9.483000
218.045000
0.901000
15.489000
11.588000
12.078000
7.153000
5.187000
1.481000
23.928000
2.052000
7.019000
6.958000
12.166000
4.084000
1.932000
0.659000
8.184000
0.316000
7.761000
1.520000
1.139000
0.500000
3.050000
1.315000
13.801000
